<?xml version="1.0" encoding="UTF-8"?>
<!-- Generated by org.testng.reporters.JUnitReportReporter -->
<testsuite hostname="QSP" failures="0" tests="1" name="scripts.Testcase1" time="11.768" errors="0" timestamp="2021-12-08T08:42:22 IST" skipped="0">
  <testcase classname="scripts.Testcase1" name="tc1" time="11.768"/>
</testsuite> <!-- scripts.Testcase1 -->
